running egg_info
writing build/turtlebot3_navigation/turtlebot3_navigation.egg-info/PKG-INFO
writing dependency_links to build/turtlebot3_navigation/turtlebot3_navigation.egg-info/dependency_links.txt
writing entry points to build/turtlebot3_navigation/turtlebot3_navigation.egg-info/entry_points.txt
writing requirements to build/turtlebot3_navigation/turtlebot3_navigation.egg-info/requires.txt
writing top-level names to build/turtlebot3_navigation/turtlebot3_navigation.egg-info/top_level.txt
reading manifest file 'build/turtlebot3_navigation/turtlebot3_navigation.egg-info/SOURCES.txt'
writing manifest file 'build/turtlebot3_navigation/turtlebot3_navigation.egg-info/SOURCES.txt'
running build
running build_py
copying turtlebot3_navigation/example.py -> /home/max_cohn/turtlebot3_ws/src/turtlebot3_navigation/build/turtlebot3_navigation/build/lib/turtlebot3_navigation
running install
running install_lib
copying /home/max_cohn/turtlebot3_ws/src/turtlebot3_navigation/build/turtlebot3_navigation/build/lib/turtlebot3_navigation/example.py -> /home/max_cohn/turtlebot3_ws/src/turtlebot3_navigation/install/turtlebot3_navigation/lib/python3.10/site-packages/turtlebot3_navigation
byte-compiling /home/max_cohn/turtlebot3_ws/src/turtlebot3_navigation/install/turtlebot3_navigation/lib/python3.10/site-packages/turtlebot3_navigation/example.py to example.cpython-310.pyc
running install_data
copying launch/example.launch.py -> /home/max_cohn/turtlebot3_ws/src/turtlebot3_navigation/install/turtlebot3_navigation/share/turtlebot3_navigation
copying config/controller.yaml -> /home/max_cohn/turtlebot3_ws/src/turtlebot3_navigation/install/turtlebot3_navigation/share/turtlebot3_navigation/config
running install_egg_info
removing '/home/max_cohn/turtlebot3_ws/src/turtlebot3_navigation/install/turtlebot3_navigation/lib/python3.10/site-packages/turtlebot3_navigation-0.0.0-py3.10.egg-info' (and everything under it)
Copying build/turtlebot3_navigation/turtlebot3_navigation.egg-info to /home/max_cohn/turtlebot3_ws/src/turtlebot3_navigation/install/turtlebot3_navigation/lib/python3.10/site-packages/turtlebot3_navigation-0.0.0-py3.10.egg-info
running install_scripts
Installing example_node script to /home/max_cohn/turtlebot3_ws/src/turtlebot3_navigation/install/turtlebot3_navigation/lib/turtlebot3_navigation
writing list of installed files to '/home/max_cohn/turtlebot3_ws/src/turtlebot3_navigation/build/turtlebot3_navigation/install.log'
