[0.320s] Invoking command in '/home/max_cohn/turtlebot3_ws/src/turtlebot3_navigation': PYTHONPATH=/home/max_cohn/turtlebot3_ws/src/turtlebot3_navigation/build/turtlebot3_navigation/prefix_override:/home/max_cohn/turtlebot3_ws/src/turtlebot3_navigation/install/turtlebot3_navigation/lib/python3.10/site-packages:${PYTHONPATH} /usr/bin/python3 -W ignore:setup.py install is deprecated setup.py egg_info --egg-base build/turtlebot3_navigation build --build-base /home/max_cohn/turtlebot3_ws/src/turtlebot3_navigation/build/turtlebot3_navigation/build install --record /home/max_cohn/turtlebot3_ws/src/turtlebot3_navigation/build/turtlebot3_navigation/install.log --single-version-externally-managed install_data
[0.446s] running egg_info
[0.446s] creating build/turtlebot3_navigation/turtlebot3_navigation.egg-info
[0.446s] writing build/turtlebot3_navigation/turtlebot3_navigation.egg-info/PKG-INFO
[0.446s] writing dependency_links to build/turtlebot3_navigation/turtlebot3_navigation.egg-info/dependency_links.txt
[0.446s] writing entry points to build/turtlebot3_navigation/turtlebot3_navigation.egg-info/entry_points.txt
[0.446s] writing requirements to build/turtlebot3_navigation/turtlebot3_navigation.egg-info/requires.txt
[0.446s] writing top-level names to build/turtlebot3_navigation/turtlebot3_navigation.egg-info/top_level.txt
[0.446s] writing manifest file 'build/turtlebot3_navigation/turtlebot3_navigation.egg-info/SOURCES.txt'
[0.447s] reading manifest file 'build/turtlebot3_navigation/turtlebot3_navigation.egg-info/SOURCES.txt'
[0.448s] writing manifest file 'build/turtlebot3_navigation/turtlebot3_navigation.egg-info/SOURCES.txt'
[0.448s] running build
[0.448s] running build_py
[0.448s] creating /home/max_cohn/turtlebot3_ws/src/turtlebot3_navigation/build/turtlebot3_navigation/build
[0.448s] creating /home/max_cohn/turtlebot3_ws/src/turtlebot3_navigation/build/turtlebot3_navigation/build/lib
[0.448s] creating /home/max_cohn/turtlebot3_ws/src/turtlebot3_navigation/build/turtlebot3_navigation/build/lib/turtlebot3_navigation
[0.448s] copying turtlebot3_navigation/__init__.py -> /home/max_cohn/turtlebot3_ws/src/turtlebot3_navigation/build/turtlebot3_navigation/build/lib/turtlebot3_navigation
[0.448s] copying turtlebot3_navigation/example.py -> /home/max_cohn/turtlebot3_ws/src/turtlebot3_navigation/build/turtlebot3_navigation/build/lib/turtlebot3_navigation
[0.448s] running install
[0.448s] running install_lib
[0.449s] creating /home/max_cohn/turtlebot3_ws/src/turtlebot3_navigation/install/turtlebot3_navigation/lib/python3.10/site-packages/turtlebot3_navigation
[0.449s] copying /home/max_cohn/turtlebot3_ws/src/turtlebot3_navigation/build/turtlebot3_navigation/build/lib/turtlebot3_navigation/__init__.py -> /home/max_cohn/turtlebot3_ws/src/turtlebot3_navigation/install/turtlebot3_navigation/lib/python3.10/site-packages/turtlebot3_navigation
[0.449s] copying /home/max_cohn/turtlebot3_ws/src/turtlebot3_navigation/build/turtlebot3_navigation/build/lib/turtlebot3_navigation/example.py -> /home/max_cohn/turtlebot3_ws/src/turtlebot3_navigation/install/turtlebot3_navigation/lib/python3.10/site-packages/turtlebot3_navigation
[0.449s] byte-compiling /home/max_cohn/turtlebot3_ws/src/turtlebot3_navigation/install/turtlebot3_navigation/lib/python3.10/site-packages/turtlebot3_navigation/__init__.py to __init__.cpython-310.pyc
[0.449s] byte-compiling /home/max_cohn/turtlebot3_ws/src/turtlebot3_navigation/install/turtlebot3_navigation/lib/python3.10/site-packages/turtlebot3_navigation/example.py to example.cpython-310.pyc
[0.449s] running install_data
[0.449s] creating /home/max_cohn/turtlebot3_ws/src/turtlebot3_navigation/install/turtlebot3_navigation/share/ament_index
[0.449s] creating /home/max_cohn/turtlebot3_ws/src/turtlebot3_navigation/install/turtlebot3_navigation/share/ament_index/resource_index
[0.450s] creating /home/max_cohn/turtlebot3_ws/src/turtlebot3_navigation/install/turtlebot3_navigation/share/ament_index/resource_index/packages
[0.450s] copying resource/turtlebot3_navigation -> /home/max_cohn/turtlebot3_ws/src/turtlebot3_navigation/install/turtlebot3_navigation/share/ament_index/resource_index/packages
[0.450s] copying package.xml -> /home/max_cohn/turtlebot3_ws/src/turtlebot3_navigation/install/turtlebot3_navigation/share/turtlebot3_navigation
[0.450s] copying launch/example.launch.py -> /home/max_cohn/turtlebot3_ws/src/turtlebot3_navigation/install/turtlebot3_navigation/share/turtlebot3_navigation
[0.450s] creating /home/max_cohn/turtlebot3_ws/src/turtlebot3_navigation/install/turtlebot3_navigation/share/turtlebot3_navigation/config
[0.450s] copying config/map.pgm -> /home/max_cohn/turtlebot3_ws/src/turtlebot3_navigation/install/turtlebot3_navigation/share/turtlebot3_navigation/config
[0.450s] copying config/map.yaml -> /home/max_cohn/turtlebot3_ws/src/turtlebot3_navigation/install/turtlebot3_navigation/share/turtlebot3_navigation/config
[0.450s] running install_egg_info
[0.451s] Copying build/turtlebot3_navigation/turtlebot3_navigation.egg-info to /home/max_cohn/turtlebot3_ws/src/turtlebot3_navigation/install/turtlebot3_navigation/lib/python3.10/site-packages/turtlebot3_navigation-0.0.0-py3.10.egg-info
[0.452s] running install_scripts
[0.463s] Installing example_node script to /home/max_cohn/turtlebot3_ws/src/turtlebot3_navigation/install/turtlebot3_navigation/lib/turtlebot3_navigation
[0.463s] writing list of installed files to '/home/max_cohn/turtlebot3_ws/src/turtlebot3_navigation/build/turtlebot3_navigation/install.log'
[0.483s] Invoked command in '/home/max_cohn/turtlebot3_ws/src/turtlebot3_navigation' returned '0': PYTHONPATH=/home/max_cohn/turtlebot3_ws/src/turtlebot3_navigation/build/turtlebot3_navigation/prefix_override:/home/max_cohn/turtlebot3_ws/src/turtlebot3_navigation/install/turtlebot3_navigation/lib/python3.10/site-packages:${PYTHONPATH} /usr/bin/python3 -W ignore:setup.py install is deprecated setup.py egg_info --egg-base build/turtlebot3_navigation build --build-base /home/max_cohn/turtlebot3_ws/src/turtlebot3_navigation/build/turtlebot3_navigation/build install --record /home/max_cohn/turtlebot3_ws/src/turtlebot3_navigation/build/turtlebot3_navigation/install.log --single-version-externally-managed install_data
